<?xml version="1.0" encoding="UTF-8"?>
<!-- Generated by org.testng.reporters.JUnitReportReporter -->
<testsuite hostname="SYB-LP-ITS-006" name="clearwater.Assetname" tests="4" failures="0" timestamp="19 Mar 2020 11:59:18 GMT" time="83.546" errors="0">
  <testcase name="AfterLogin" time="12.597" classname="clearwater.Assetname"/>
  <testcase name="Openbrowser" time="18.875" classname="clearwater.Assetname"/>
  <testcase name="Asset" time="25.370" classname="clearwater.Assetname"/>
  <testcase name="AssetInventoryForm" time="26.704" classname="clearwater.Assetname"/>
</testsuite> <!-- clearwater.Assetname -->
